2014/09/02 14:45:38 [error] [exception.CDbException] exception 'CDbException' with message 'CDbConnection failed to open the DB connection: SQLSTATE[HY000] [1045] Access denied for user 'root'@'localhost' (using password: YES)' in E:\xampp\htdocs\learngit\framework\db\CDbConnection.php:382
Stack trace:
#0 E:\xampp\htdocs\learngit\framework\db\CDbConnection.php(330): CDbConnection->open()
#1 E:\xampp\htdocs\learngit\framework\db\CDbConnection.php(308): CDbConnection->setActive(true)
#2 E:\xampp\htdocs\learngit\framework\base\CModule.php(387): CDbConnection->init()
#3 E:\xampp\htdocs\learngit\framework\base\CApplication.php(450): CModule->getComponent('db')
#4 E:\xampp\htdocs\learngit\framework\db\ar\CActiveRecord.php(634): CApplication->getDb()
#5 E:\xampp\htdocs\learngit\framework\db\ar\CActiveRecord.php(1428): CActiveRecord->getDbConnection()
#6 E:\xampp\htdocs\learngit\framework\db\ar\CActiveRecord.php(1517): CActiveRecord->getTableAlias(true)
#7 E:\xampp\htdocs\learngit\protected\components\UserIdentity.php(40): CActiveRecord->findByAttributes(Array)
#8 E:\xampp\htdocs\learngit\protected\models\LoginForm.php(52): UserIdentity->authenticate()
#9 E:\xampp\htdocs\learngit\framework\validators\CInlineValidator.php(42): LoginForm->authenticate('password', Array)
#10 E:\xampp\htdocs\learngit\framework\validators\CValidator.php(213): CInlineValidator->validateAttribute(Object(LoginForm), 'password')
#11 E:\xampp\htdocs\learngit\framework\base\CModel.php(159): CValidator->validate(Object(LoginForm), NULL)
#12 E:\xampp\htdocs\learngit\protected\controllers\SiteController.php(95): CModel->validate()
#13 E:\xampp\htdocs\learngit\framework\web\actions\CInlineAction.php(49): SiteController->actionLogin()
#14 E:\xampp\htdocs\learngit\framework\web\CController.php(308): CInlineAction->runWithParams(Array)
#15 E:\xampp\htdocs\learngit\framework\web\filters\CFilterChain.php(133): CController->runAction(Object(CInlineAction))
#16 E:\xampp\htdocs\learngit\framework\web\filters\CFilter.php(40): CFilterChain->run()
#17 E:\xampp\htdocs\learngit\framework\web\CController.php(1145): CFilter->filter(Object(CFilterChain))
#18 E:\xampp\htdocs\learngit\framework\web\filters\CInlineFilter.php(58): CController->filterAccessControl(Object(CFilterChain))
#19 E:\xampp\htdocs\learngit\framework\web\filters\CFilterChain.php(130): CInlineFilter->filter(Object(CFilterChain))
#20 E:\xampp\htdocs\learngit\framework\web\CController.php(291): CFilterChain->run()
#21 E:\xampp\htdocs\learngit\framework\web\CController.php(265): CController->runActionWithFilters(Object(CInlineAction), Array)
#22 E:\xampp\htdocs\learngit\framework\web\CWebApplication.php(282): CController->run('login')
#23 E:\xampp\htdocs\learngit\framework\web\CWebApplication.php(141): CWebApplication->runController('site/login')
#24 E:\xampp\htdocs\learngit\framework\base\CApplication.php(180): CWebApplication->processRequest()
#25 E:\xampp\htdocs\learngit\index.php(13): CApplication->run()
#26 {main}
REQUEST_URI=/learngit/index.php/site/login
HTTP_REFERER=http://localhost/learngit/index.php/site/login
---
